proc = Process.whereis(:statistic_server)

Process.send(proc, :terminate, [])
:mnesia.change_table_copy_type(:statistic_server, node(), :disc_copies)
:mnesia.table_info(:statistic, :all)



Start Node

* Terminal 1:
  RELEASE_COOKIE=abc PORT=4000 iex --sname a@localhost --cookie abc -S mix phx.server
* Terminal 2:
  PRELEASE_COOKIE=abc PORT=4001 iex --sname b@localhost --cookie abc -S mix phx.server

write_action = fn ->
  :mnesia.write({:statistic, 1, "foo"})
  :mnesia.write({:statistic, 2, "bar"})
end

:mnesia.transaction(write_action)

write_action = fn ->
  :mnesia.write({:statistic, 3, "gggg", "sss"})
end

:mnesia.transaction(write_action)

:ets.tab2list(:statistic)

:mnesia.system_info()

:mnesia.stop()

:mnesia.delete_schema([node()])
:mnesia.delete_table(:statistic)